user@user-iot:~$ node-red
29 Jun 15:00:29 - [info] 

Welcome to Node-RED
===================

29 Jun 15:00:29 - [info] Node-RED version: v0.19.4
29 Jun 15:00:29 - [info] Node.js  version: v8.12.0
29 Jun 15:00:29 - [info] Linux 4.15.0-54-generic ia32 LE
29 Jun 15:00:30 - [info] Loading palette nodes
29 Jun 15:00:31 - [warn] rpi-gpio : Raspberry Pi specific node set inactive
29 Jun 15:00:31 - [warn] rpi-gpio : Cannot find Pi RPi.GPIO python library
29 Jun 15:00:34 - [info] Dashboard version 2.9.8 started at /ui
29 Jun 15:00:35 - [info] Settings file  : /home/user/.node-red/settings.js
29 Jun 15:00:35 - [info] Context store  : 'default' [module=memory]
29 Jun 15:00:35 - [info] User directory : /home/user/.node-red
29 Jun 15:00:35 - [warn] Projects disabled : editorTheme.projects.enabled=false
29 Jun 15:00:35 - [info] Flows file     : /home/user/.node-red/flows_user-iot.json
29 Jun 15:00:35 - [info] Server now running at http://127.0.0.1:1880/
29 Jun 15:00:35 - [warn] 

---------------------------------------------------------------------
Your flow credentials file is encrypted using a system-generated key.

If the system-generated key is lost for any reason, your credentials
file will not be recoverable, you will have to delete it and re-enter
your credentials.

You should set your own key using the 'credentialSecret' option in
your settings file. Node-RED will then re-encrypt your credentials
file using your chosen key the next time you deploy a change.
---------------------------------------------------------------------

29 Jun 15:00:35 - [info] [GenericBLE] Start BLE scanning
29 Jun 15:00:35 - [info] Starting flows
29 Jun 15:00:35 - [info] [GenericBLE] Start BLE scanning
29 Jun 15:00:35 - [info] Started flows
29 Jun 15:00:35 - [warn] [e-mail:bhuyanmj@gmail.com] Warning: msg properties can no longer override set node properties. See bit.ly/nr-override-msg-props
[info] [mqtt-broker:a08889ab.3b3708] Connected to broker: mqtt://localhost:1883
29 Jun 15:00:56 - [info] [e-mail:bhuyanmj@gmail.com] Message sent: 250 2.0.0 OK  1561811942 r5sm10102966wrg.10 - gsmtp
29 Jun 15:01:24 - [info] [e-mail:bhuyanmj@gmail.com] Message sent: 250 2.0.0 OK  1561811971 x11sm4076469wmg.23 - gsmtp
